<?xml version="1.0" encoding="UTF-8"?><testrun name="TestGameBoard" project="Host" tests="18" started="18" failures="1" errors="1" ignored="0">
  <testsuite name="TestGameBoard" time="0.006">
    <testcase name="testFindHexBottomRight" classname="TestGameBoard" time="0.0"/>
    <testcase name="testFindJointDownNotThere" classname="TestGameBoard" time="0.002">
      <failure>junit.framework.AssertionFailedError: Expected: &lt;null&gt; but was: Joint@4e50df2e&#13;
	at junit.framework.Assert.fail(Assert.java:57)&#13;
	at junit.framework.Assert.assertTrue(Assert.java:22)&#13;
	at junit.framework.Assert.assertNull(Assert.java:277)&#13;
	at junit.framework.Assert.assertNull(Assert.java:268)&#13;
	at junit.framework.TestCase.assertNull(TestCase.java:438)&#13;
	at TestGameBoard.testFindJointDownNotThere(TestGameBoard.java:118)&#13;
	at sun.reflect.NativeMethodAccessorImpl.invoke0(Native Method)&#13;
	at sun.reflect.NativeMethodAccessorImpl.invoke(Unknown Source)&#13;
	at sun.reflect.DelegatingMethodAccessorImpl.invoke(Unknown Source)&#13;
	at java.lang.reflect.Method.invoke(Unknown Source)&#13;
	at junit.framework.TestCase.runTest(TestCase.java:176)&#13;
	at junit.framework.TestCase.runBare(TestCase.java:141)&#13;
	at junit.framework.TestResult$1.protect(TestResult.java:122)&#13;
	at junit.framework.TestResult.runProtected(TestResult.java:142)&#13;
	at junit.framework.TestResult.run(TestResult.java:125)&#13;
	at junit.framework.TestCase.run(TestCase.java:129)&#13;
	at junit.framework.TestSuite.runTest(TestSuite.java:252)&#13;
	at junit.framework.TestSuite.run(TestSuite.java:247)&#13;
	at org.junit.internal.runners.JUnit38ClassRunner.run(JUnit38ClassRunner.java:86)&#13;
	at org.eclipse.jdt.internal.junit4.runner.JUnit4TestReference.run(JUnit4TestReference.java:86)&#13;
	at org.eclipse.jdt.internal.junit.runner.TestExecution.run(TestExecution.java:38)&#13;
	at org.eclipse.jdt.internal.junit.runner.RemoteTestRunner.runTests(RemoteTestRunner.java:459)&#13;
	at org.eclipse.jdt.internal.junit.runner.RemoteTestRunner.runTests(RemoteTestRunner.java:678)&#13;
	at org.eclipse.jdt.internal.junit.runner.RemoteTestRunner.run(RemoteTestRunner.java:382)&#13;
	at org.eclipse.jdt.internal.junit.runner.RemoteTestRunner.main(RemoteTestRunner.java:192)&#13;
&#13;
</failure>
    </testcase>
    <testcase name="testFindHexWhenNotThere" classname="TestGameBoard" time="0.0"/>
    <testcase name="testFindJointNotThere" classname="TestGameBoard" time="0.001"/>
    <testcase name="testAdjacentHexesNotAllSides" classname="TestGameBoard" time="0.0"/>
    <testcase name="testFindHexBottomLeft" classname="TestGameBoard" time="0.0"/>
    <testcase name="testFindHexTopLeft" classname="TestGameBoard" time="0.0"/>
    <testcase name="testFindJointThere" classname="TestGameBoard" time="0.0"/>
    <testcase name="testFindHexRight" classname="TestGameBoard" time="0.0"/>
    <testcase name="testFindHexLeft" classname="TestGameBoard" time="0.001"/>
    <testcase name="testFindJointLeftNotThere" classname="TestGameBoard" time="0.0"/>
    <testcase name="testFindJointDownThere" classname="TestGameBoard" time="0.0">
      <error>java.lang.NullPointerException&#13;
	at TestGameBoard.testFindJointDownThere(TestGameBoard.java:112)&#13;
	at sun.reflect.NativeMethodAccessorImpl.invoke0(Native Method)&#13;
	at sun.reflect.NativeMethodAccessorImpl.invoke(Unknown Source)&#13;
	at sun.reflect.DelegatingMethodAccessorImpl.invoke(Unknown Source)&#13;
	at java.lang.reflect.Method.invoke(Unknown Source)&#13;
	at junit.framework.TestCase.runTest(TestCase.java:176)&#13;
	at junit.framework.TestCase.runBare(TestCase.java:141)&#13;
	at junit.framework.TestResult$1.protect(TestResult.java:122)&#13;
	at junit.framework.TestResult.runProtected(TestResult.java:142)&#13;
	at junit.framework.TestResult.run(TestResult.java:125)&#13;
	at junit.framework.TestCase.run(TestCase.java:129)&#13;
	at junit.framework.TestSuite.runTest(TestSuite.java:252)&#13;
	at junit.framework.TestSuite.run(TestSuite.java:247)&#13;
	at org.junit.internal.runners.JUnit38ClassRunner.run(JUnit38ClassRunner.java:86)&#13;
	at org.eclipse.jdt.internal.junit4.runner.JUnit4TestReference.run(JUnit4TestReference.java:86)&#13;
	at org.eclipse.jdt.internal.junit.runner.TestExecution.run(TestExecution.java:38)&#13;
	at org.eclipse.jdt.internal.junit.runner.RemoteTestRunner.runTests(RemoteTestRunner.java:459)&#13;
	at org.eclipse.jdt.internal.junit.runner.RemoteTestRunner.runTests(RemoteTestRunner.java:678)&#13;
	at org.eclipse.jdt.internal.junit.runner.RemoteTestRunner.run(RemoteTestRunner.java:382)&#13;
	at org.eclipse.jdt.internal.junit.runner.RemoteTestRunner.main(RemoteTestRunner.java:192)&#13;
&#13;
</error>
    </testcase>
    <testcase name="testFindHexWhenThere" classname="TestGameBoard" time="0.001"/>
    <testcase name="testFindJointAboveThere" classname="TestGameBoard" time="0.0"/>
    <testcase name="testAdjacentHexesAllSides" classname="TestGameBoard" time="0.0"/>
    <testcase name="testFindJointLeftThere" classname="TestGameBoard" time="0.0"/>
    <testcase name="testFindHexTopRight" classname="TestGameBoard" time="0.001"/>
    <testcase name="testFindJointAboveNotThere" classname="TestGameBoard" time="0.0"/>
  </testsuite>
</testrun>
